#
# There is insufficient memory for the Java Runtime Environment to continue.
# Native memory allocation (malloc) failed to allocate 1835536 bytes for Chunk::new
# Possible reasons:
#   The system is out of physical RAM or swap space
#   The process is running with CompressedOops enabled, and the Java Heap may be blocking the growth of the native heap
# Possible solutions:
#   Reduce memory load on the system
#   Increase physical memory or swap space
#   Check if swap backing store is full
#   Decrease Java heap size (-Xmx/-Xms)
#   Decrease number of Java threads
#   Decrease Java thread stack sizes (-Xss)
#   Set larger code cache with -XX:ReservedCodeCacheSize=
#   JVM is running with Unscaled Compressed Oops mode in which the Java heap is
#     placed in the first 4GB address space. The Java Heap base address is the
#     maximum limit for the native heap growth. Please use -XX:HeapBaseMinAddress
#     to set the Java Heap base and to place the Java Heap above 4GB virtual address.
# This output file may be truncated or incomplete.
#
#  Out of Memory Error (./src/hotspot/share/memory/arena.cpp:197), pid=1332, tid=19056
#
# JRE version: OpenJDK Runtime Environment (11.0.12+7) (build 11.0.12+7-b1504.28-7817840)
# Java VM: OpenJDK 64-Bit Server VM (11.0.12+7-b1504.28-7817840, mixed mode, tiered, compressed oops, g1 gc, windows-amd64)
# No core dump will be written. Minidumps are not enabled by default on client versions of Windows
#

---------------  S U M M A R Y ------------

Command Line: --add-opens=java.base/java.util=ALL-UNNAMED --add-opens=java.base/java.lang=ALL-UNNAMED --add-opens=java.base/java.lang.invoke=ALL-UNNAMED --add-opens=java.base/java.util=ALL-UNNAMED --add-opens=java.prefs/java.util.prefs=ALL-UNNAMED --add-opens=java.prefs/java.util.prefs=ALL-UNNAMED --add-opens=java.base/java.nio.charset=ALL-UNNAMED --add-opens=java.base/java.net=ALL-UNNAMED --add-opens=java.base/java.util.concurrent.atomic=ALL-UNNAMED -Xmx1536m -Dfile.encoding=windows-1252 -Duser.country=US -Duser.language=en -Duser.variant org.gradle.launcher.daemon.bootstrap.GradleDaemon 7.3.3

Host: Intel(R) Core(TM) i5-8300H CPU @ 2.30GHz, 8 cores, 7G,  Windows 10 , 64 bit Build 19041 (10.0.19041.1806)
Time: Mon Jul 25 21:28:36 2022 SE Asia Standard Time elapsed time: 11.734120 seconds (0d 0h 0m 11s)

---------------  T H R E A D  ---------------

Current thread (0x000001dee1f67000):  JavaThread "C2 CompilerThread1" daemon [_thread_in_native, id=19056, stack(0x000000242ef00000,0x000000242f000000)]


Current CompileTask:
C2:  11734 3167   !   4       java.net.URLClassLoader$1::run (63 bytes)

Stack: [0x000000242ef00000,0x000000242f000000]
Native frames: (J=compiled Java code, j=interpreted, Vv=VM code, C=native code)
V  [jvm.dll+0x5fbcea]
V  [jvm.dll+0x731905]
V  [jvm.dll+0x732f1d]
V  [jvm.dll+0x7335d3]
V  [jvm.dll+0x247bf8]
V  [jvm.dll+0xc018c]
V  [jvm.dll+0xc06cc]
V  [jvm.dll+0x35b31d]
V  [jvm.dll+0x328803]
V  [jvm.dll+0x327cfa]
V  [jvm.dll+0x200602]
V  [jvm.dll+0x1ff794]
V  [jvm.dll+0x18868c]
V  [jvm.dll+0x20e0d7]
V  [jvm.dll+0x20c901]
V  [jvm.dll+0x6f9b7f]
V  [jvm.dll+0x6f26a5]
V  [jvm.dll+0x5fabf6]
C  [ucrtbase.dll+0x21bb2]
C  [KERNEL32.DLL+0x17034]
C  [ntdll.dll+0x52651]


---------------  P R O C E S S  ---------------

Threads class SMR info:
_java_thread_list=0x000001dedef32870, length=33, elements={
0x000001debfc5e000, 0x000001dedadab000, 0x000001dedadb6800, 0x000001dedadc8800,
0x000001dedadcb000, 0x000001dedadcc000, 0x000001dedaddb000, 0x000001dedaddf800,
0x000001dedadeb000, 0x000001dedb894000, 0x000001dedb891800, 0x000001dedb890000,
0x000001dedb892800, 0x000001dedb890800, 0x000001dedb893000, 0x000001dedb88f000,
0x000001dedb895000, 0x000001dedb895800, 0x000001dedd823800, 0x000001dedd81f800,
0x000001dedd822800, 0x000001dedd825000, 0x000001dedd821800, 0x000001dedd824000,
0x000001dedd826000, 0x000001dedd820000, 0x000001dedd826800, 0x000001dedd821000,
0x000001dedd82b800, 0x000001dedd82a800, 0x000001dee1f67000, 0x000001dedd82a000,
0x000001dedd829000
}

Java Threads: ( => current thread )
  0x000001debfc5e000 JavaThread "main" [_thread_blocked, id=12280, stack(0x000000242c900000,0x000000242ca00000)]
  0x000001dedadab000 JavaThread "Reference Handler" daemon [_thread_blocked, id=15192, stack(0x000000242d000000,0x000000242d100000)]
  0x000001dedadb6800 JavaThread "Finalizer" daemon [_thread_blocked, id=4816, stack(0x000000242d100000,0x000000242d200000)]
  0x000001dedadc8800 JavaThread "Signal Dispatcher" daemon [_thread_blocked, id=3268, stack(0x000000242d200000,0x000000242d300000)]
  0x000001dedadcb000 JavaThread "Attach Listener" daemon [_thread_blocked, id=11508, stack(0x000000242d300000,0x000000242d400000)]
  0x000001dedadcc000 JavaThread "Service Thread" daemon [_thread_blocked, id=17192, stack(0x000000242d400000,0x000000242d500000)]
  0x000001dedaddb000 JavaThread "C2 CompilerThread0" daemon [_thread_in_native, id=4580, stack(0x000000242d500000,0x000000242d600000)]
  0x000001dedaddf800 JavaThread "C1 CompilerThread0" daemon [_thread_in_vm, id=18268, stack(0x000000242d600000,0x000000242d700000)]
  0x000001dedadeb000 JavaThread "Sweeper thread" daemon [_thread_blocked, id=16280, stack(0x000000242d700000,0x000000242d800000)]
  0x000001dedb894000 JavaThread "Common-Cleaner" daemon [_thread_blocked, id=12956, stack(0x000000242d800000,0x000000242d900000)]
  0x000001dedb891800 JavaThread "Daemon health stats" [_thread_blocked, id=14376, stack(0x000000242de00000,0x000000242df00000)]
  0x000001dedb890000 JavaThread "Incoming local TCP Connector on port 62826" [_thread_in_native, id=1264, stack(0x000000242da00000,0x000000242db00000)]
  0x000001dedb892800 JavaThread "Daemon periodic checks" [_thread_blocked, id=4588, stack(0x000000242dd00000,0x000000242de00000)]
  0x000001dedb890800 JavaThread "Daemon" [_thread_blocked, id=3204, stack(0x000000242df00000,0x000000242e000000)]
  0x000001dedb893000 JavaThread "Handler for socket connection from /127.0.0.1:62826 to /127.0.0.1:62827" [_thread_in_native, id=752, stack(0x000000242e000000,0x000000242e100000)]
  0x000001dedb88f000 JavaThread "Cancel handler" [_thread_blocked, id=19608, stack(0x000000242e100000,0x000000242e200000)]
  0x000001dedb895000 JavaThread "Daemon worker" [_thread_in_vm, id=6556, stack(0x000000242e200000,0x000000242e300000)]
  0x000001dedb895800 JavaThread "Asynchronous log dispatcher for DefaultDaemonConnection: socket connection from /127.0.0.1:62826 to /127.0.0.1:62827" [_thread_blocked, id=18604, stack(0x000000242e400000,0x000000242e500000)]
  0x000001dedd823800 JavaThread "Stdin handler" [_thread_blocked, id=16528, stack(0x000000242e500000,0x000000242e600000)]
  0x000001dedd81f800 JavaThread "Daemon client event forwarder" [_thread_blocked, id=17220, stack(0x000000242e600000,0x000000242e700000)]
  0x000001dedd822800 JavaThread "Cache worker for journal cache (C:\Users\ASUS\.gradle\caches\journal-1)" [_thread_blocked, id=9120, stack(0x000000242e300000,0x000000242e400000)]
  0x000001dedd825000 JavaThread "File lock request listener" [_thread_in_native, id=8364, stack(0x000000242ec00000,0x000000242ed00000)]
  0x000001dedd821800 JavaThread "Cache worker for file hash cache (C:\Users\ASUS\.gradle\caches\7.3.3\fileHashes)" [_thread_blocked, id=15740, stack(0x000000242ed00000,0x000000242ee00000)]
  0x000001dedd824000 JavaThread "Cache worker for file hash cache (E:\KALKULATOR\NR 2020 G2\.gradle\7.3.3\fileHashes)" [_thread_blocked, id=3104, stack(0x000000242f000000,0x000000242f100000)]
  0x000001dedd826000 JavaThread "File watcher server" daemon [_thread_in_native, id=18916, stack(0x000000242f200000,0x000000242f300000)]
  0x000001dedd820000 JavaThread "File watcher consumer" daemon [_thread_blocked, id=19048, stack(0x000000242f300000,0x000000242f400000)]
  0x000001dedd826800 JavaThread "Cache worker for checksums cache (E:\KALKULATOR\NR 2020 G2\.gradle\7.3.3\checksums)" [_thread_blocked, id=8844, stack(0x000000242f400000,0x000000242f500000)]
  0x000001dedd821000 JavaThread "Cache worker for cache directory md-supplier (C:\Users\ASUS\.gradle\caches\7.3.3\md-supplier)" [_thread_blocked, id=18212, stack(0x000000242f500000,0x000000242f600000)]
  0x000001dedd82b800 JavaThread "Cache worker for cache directory md-rule (C:\Users\ASUS\.gradle\caches\7.3.3\md-rule)" [_thread_blocked, id=18788, stack(0x000000242f600000,0x000000242f700000)]
  0x000001dedd82a800 JavaThread "Cache worker for execution history cache (C:\Users\ASUS\.gradle\caches\7.3.3\executionHistory)" [_thread_blocked, id=17144, stack(0x000000242f700000,0x000000242f800000)]
=>0x000001dee1f67000 JavaThread "C2 CompilerThread1" daemon [_thread_in_native, id=19056, stack(0x000000242ef00000,0x000000242f000000)]
  0x000001dedd82a000 JavaThread "jar transforms" [_thread_blocked, id=4324, stack(0x000000242f100000,0x000000242f200000)]
  0x000001dedd829000 JavaThread "jar transforms Thread 2" [_thread_blocked, id=12368, stack(0x000000242f800000,0x000000242f900000)]

Other Threads:
  0x000001dedada9800 VMThread "VM Thread" [stack: 0x000000242cf00000,0x000000242d000000] [id=11184]
  0x000001dedb8dd000 WatcherThread [stack: 0x000000242d900000,0x000000242da00000] [id=18616]
  0x000001dec1c37800 GCTaskThread "GC Thread#0" [stack: 0x000000242ca00000,0x000000242cb00000] [id=17444]
  0x000001dedc5b4000 GCTaskThread "GC Thread#1" [stack: 0x000000242db00000,0x000000242dc00000] [id=13620]
  0x000001dedc50a000 GCTaskThread "GC Thread#2" [stack: 0x000000242dc00000,0x000000242dd00000] [id=11092]
  0x000001dedd000000 GCTaskThread "GC Thread#3" [stack: 0x000000242e700000,0x000000242e800000] [id=20164]
  0x000001dedd89a000 GCTaskThread "GC Thread#4" [stack: 0x000000242e800000,0x000000242e900000] [id=18684]
  0x000001deddf82800 GCTaskThread "GC Thread#5" [stack: 0x000000242e900000,0x000000242ea00000] [id=17476]
  0x000001deddc19800 GCTaskThread "GC Thread#6" [stack: 0x000000242ea00000,0x000000242eb00000] [id=20340]
  0x000001dedd564000 GCTaskThread "GC Thread#7" [stack: 0x000000242eb00000,0x000000242ec00000] [id=14024]
  0x000001dec1c5d800 ConcurrentGCThread "G1 Main Marker" [stack: 0x000000242cb00000,0x000000242cc00000] [id=8720]
  0x000001dec1c5f800 ConcurrentGCThread "G1 Conc#0" [stack: 0x000000242cc00000,0x000000242cd00000] [id=15484]
  0x000001dedbc5e000 ConcurrentGCThread "G1 Conc#1" [stack: 0x000000242ee00000,0x000000242ef00000] [id=5872]
  0x000001dedac00800 ConcurrentGCThread "G1 Refine#0" [stack: 0x000000242cd00000,0x000000242ce00000] [id=14920]
  0x000001dedac01800 ConcurrentGCThread "G1 Young RemSet Sampling" [stack: 0x000000242ce00000,0x000000242cf00000] [id=10860]

Threads with active compile tasks:
C2 CompilerThread0  11772 3166       4       java.net.URLClassLoader$1::run (5 bytes)
C2 CompilerThread1  11772 3167   !   4       java.net.URLClassLoader$1::run (63 bytes)

VM state:not at safepoint (normal execution)

VM Mutex/Monitor currently owned by a thread: None

Heap address: 0x00000000a0000000, size: 1536 MB, Compressed Oops mode: 32-bit
Narrow klass base: 0x0000000000000000, Narrow klass shift: 3
Compressed class space size: 1073741824 Address: 0x0000000100000000

Heap:
 garbage-first heap   total 129024K, used 56912K [0x00000000a0000000, 0x0000000100000000)
  region size 1024K, 40 young (40960K), 4 survivors (4096K)
 Metaspace       used 38201K, capacity 39109K, committed 39424K, reserved 1083392K
  class space    used 4948K, capacity 5304K, committed 5376K, reserved 1048576K
Heap Regions: E=young(eden), S=young(survivor), O=old, HS=humongous(starts), HC=humongous(continues), CS=collection set, F=free, A=archive, TAMS=top-at-mark-start (previous, next)
|   0|0x00000000a0000000, 0x00000000a0100000, 0x00000000a0100000|100%| O|  |TAMS 0x00000000a0100000, 0x00000000a0000000| Untracked 
|   1|0x00000000a0100000, 0x00000000a0200000, 0x00000000a0200000|100%| O|  |TAMS 0x00000000a0200000, 0x00000000a0100000| Untracked 
|   2|0x00000000a0200000, 0x00000000a0300000, 0x00000000a0300000|100%| O|  |TAMS 0x00000000a0300000, 0x00000000a0200000| Untracked 
|   3|0x00000000a0300000, 0x00000000a0400000, 0x00000000a0400000|100%|HS|  |TAMS 0x00000000a0400000, 0x00000000a0300000| Complete 
|   4|0x00000000a0400000, 0x00000000a0500000, 0x00000000a0500000|100%|HC|  |TAMS 0x00000000a0500000, 0x00000000a0400000| Complete 
|   5|0x00000000a0500000, 0x00000000a0600000, 0x00000000a0600000|100%|HC|  |TAMS 0x00000000a0600000, 0x00000000a0500000| Complete 
|   6|0x00000000a0600000, 0x00000000a0700000, 0x00000000a0700000|100%| O|  |TAMS 0x00000000a0700000, 0x00000000a0600000| Untracked 
|   7|0x00000000a0700000, 0x00000000a0800000, 0x00000000a0800000|100%| O|  |TAMS 0x00000000a0800000, 0x00000000a0700000| Untracked 
|   8|0x00000000a0800000, 0x00000000a0900000, 0x00000000a0900000|100%| O|  |TAMS 0x00000000a0900000, 0x00000000a0800000| Untracked 
|   9|0x00000000a0900000, 0x00000000a0a00000, 0x00000000a0a00000|100%| O|  |TAMS 0x00000000a0a00000, 0x00000000a0900000| Untracked 
|  10|0x00000000a0a00000, 0x00000000a0b00000, 0x00000000a0b00000|100%| O|  |TAMS 0x00000000a0b00000, 0x00000000a0a00000| Untracked 
|  11|0x00000000a0b00000, 0x00000000a0c00000, 0x00000000a0c00000|100%| O|  |TAMS 0x00000000a0c00000, 0x00000000a0b00000| Untracked 
|  12|0x00000000a0c00000, 0x00000000a0d00000, 0x00000000a0d00000|100%| O|  |TAMS 0x00000000a0d00000, 0x00000000a0c00000| Untracked 
|  13|0x00000000a0d00000, 0x00000000a0e00000, 0x00000000a0e00000|100%| O|  |TAMS 0x00000000a0e00000, 0x00000000a0d00000| Untracked 
|  14|0x00000000a0e00000, 0x00000000a0f00000, 0x00000000a0f00000|100%| O|  |TAMS 0x00000000a0f00000, 0x00000000a0e00000| Untracked 
|  15|0x00000000a0f00000, 0x00000000a1000000, 0x00000000a1000000|100%| O|  |TAMS 0x00000000a1000000, 0x00000000a0f00000| Untracked 
|  16|0x00000000a1000000, 0x00000000a1100000, 0x00000000a1100000|100%| O|  |TAMS 0x00000000a1100000, 0x00000000a1000000| Untracked 
|  17|0x00000000a1100000, 0x00000000a1200000, 0x00000000a1200000|100%| O|  |TAMS 0x00000000a1200000, 0x00000000a1100000| Untracked 
|  18|0x00000000a1200000, 0x00000000a1214a00, 0x00000000a1300000|  8%| O|  |TAMS 0x00000000a1214a00, 0x00000000a1200000| Untracked 
|  19|0x00000000a1300000, 0x00000000a1300000, 0x00000000a1400000|  0%| F|  |TAMS 0x00000000a1300000, 0x00000000a1300000| Untracked 
|  20|0x00000000a1400000, 0x00000000a1400000, 0x00000000a1500000|  0%| F|  |TAMS 0x00000000a1400000, 0x00000000a1400000| Untracked 
|  21|0x00000000a1500000, 0x00000000a1500000, 0x00000000a1600000|  0%| F|  |TAMS 0x00000000a1500000, 0x00000000a1500000| Untracked 
|  22|0x00000000a1600000, 0x00000000a1600000, 0x00000000a1700000|  0%| F|  |TAMS 0x00000000a1600000, 0x00000000a1600000| Untracked 
|  23|0x00000000a1700000, 0x00000000a1700000, 0x00000000a1800000|  0%| F|  |TAMS 0x00000000a1700000, 0x00000000a1700000| Untracked 
|  24|0x00000000a1800000, 0x00000000a1800000, 0x00000000a1900000|  0%| F|  |TAMS 0x00000000a1800000, 0x00000000a1800000| Untracked 
|  25|0x00000000a1900000, 0x00000000a1900000, 0x00000000a1a00000|  0%| F|  |TAMS 0x00000000a1900000, 0x00000000a1900000| Untracked 
|  26|0x00000000a1a00000, 0x00000000a1a00000, 0x00000000a1b00000|  0%| F|  |TAMS 0x00000000a1a00000, 0x00000000a1a00000| Untracked 
|  27|0x00000000a1b00000, 0x00000000a1b00000, 0x00000000a1c00000|  0%| F|  |TAMS 0x00000000a1b00000, 0x00000000a1b00000| Untracked 
|  28|0x00000000a1c00000, 0x00000000a1c00000, 0x00000000a1d00000|  0%| F|  |TAMS 0x00000000a1c00000, 0x00000000a1c00000| Untracked 
|  29|0x00000000a1d00000, 0x00000000a1d00000, 0x00000000a1e00000|  0%| F|  |TAMS 0x00000000a1d00000, 0x00000000a1d00000| Untracked 
|  30|0x00000000a1e00000, 0x00000000a1e00000, 0x00000000a1f00000|  0%| F|  |TAMS 0x00000000a1e00000, 0x00000000a1e00000| Untracked 
|  31|0x00000000a1f00000, 0x00000000a1f00000, 0x00000000a2000000|  0%| F|  |TAMS 0x00000000a1f00000, 0x00000000a1f00000| Untracked 
|  32|0x00000000a2000000, 0x00000000a2000000, 0x00000000a2100000|  0%| F|  |TAMS 0x00000000a2000000, 0x00000000a2000000| Untracked 
|  33|0x00000000a2100000, 0x00000000a2100000, 0x00000000a2200000|  0%| F|  |TAMS 0x00000000a2100000, 0x00000000a2100000| Untracked 
|  34|0x00000000a2200000, 0x00000000a2200000, 0x00000000a2300000|  0%| F|  |TAMS 0x00000000a2200000, 0x00000000a2200000| Untracked 
|  35|0x00000000a2300000, 0x00000000a2300000, 0x00000000a2400000|  0%| F|  |TAMS 0x00000000a2300000, 0x00000000a2300000| Untracked 
|  36|0x00000000a2400000, 0x00000000a2400000, 0x00000000a2500000|  0%| F|  |TAMS 0x00000000a2400000, 0x00000000a2400000| Untracked 
|  37|0x00000000a2500000, 0x00000000a2500000, 0x00000000a2600000|  0%| F|  |TAMS 0x00000000a2500000, 0x00000000a2500000| Untracked 
|  38|0x00000000a2600000, 0x00000000a2600000, 0x00000000a2700000|  0%| F|  |TAMS 0x00000000a2600000, 0x00000000a2600000| Untracked 
|  39|0x00000000a2700000, 0x00000000a2700000, 0x00000000a2800000|  0%| F|  |TAMS 0x00000000a2700000, 0x00000000a2700000| Untracked 
|  40|0x00000000a2800000, 0x00000000a2800000, 0x00000000a2900000|  0%| F|  |TAMS 0x00000000a2800000, 0x00000000a2800000| Untracked 
|  41|0x00000000a2900000, 0x00000000a2900000, 0x00000000a2a00000|  0%| F|  |TAMS 0x00000000a2900000, 0x00000000a2900000| Untracked 
|  42|0x00000000a2a00000, 0x00000000a2a00000, 0x00000000a2b00000|  0%| F|  |TAMS 0x00000000a2a00000, 0x00000000a2a00000| Untracked 
|  43|0x00000000a2b00000, 0x00000000a2b00000, 0x00000000a2c00000|  0%| F|  |TAMS 0x00000000a2b00000, 0x00000000a2b00000| Untracked 
|  44|0x00000000a2c00000, 0x00000000a2c00000, 0x00000000a2d00000|  0%| F|  |TAMS 0x00000000a2c00000, 0x00000000a2c00000| Untracked 
|  45|0x00000000a2d00000, 0x00000000a2d00000, 0x00000000a2e00000|  0%| F|  |TAMS 0x00000000a2d00000, 0x00000000a2d00000| Untracked 
|  46|0x00000000a2e00000, 0x00000000a2e00000, 0x00000000a2f00000|  0%| F|  |TAMS 0x00000000a2e00000, 0x00000000a2e00000| Untracked 
|  47|0x00000000a2f00000, 0x00000000a2f00000, 0x00000000a3000000|  0%| F|  |TAMS 0x00000000a2f00000, 0x00000000a2f00000| Untracked 
|  48|0x00000000a3000000, 0x00000000a3000000, 0x00000000a3100000|  0%| F|  |TAMS 0x00000000a3000000, 0x00000000a3000000| Untracked 
|  49|0x00000000a3100000, 0x00000000a3100000, 0x00000000a3200000|  0%| F|  |TAMS 0x00000000a3100000, 0x00000000a3100000| Untracked 
|  50|0x00000000a3200000, 0x00000000a3200000, 0x00000000a3300000|  0%| F|  |TAMS 0x00000000a3200000, 0x00000000a3200000| Untracked 
|  51|0x00000000a3300000, 0x00000000a3300000, 0x00000000a3400000|  0%| F|  |TAMS 0x00000000a3300000, 0x00000000a3300000| Untracked 
|  52|0x00000000a3400000, 0x00000000a3400000, 0x00000000a3500000|  0%| F|  |TAMS 0x00000000a3400000, 0x00000000a3400000| Untracked 
|  53|0x00000000a3500000, 0x00000000a3500000, 0x00000000a3600000|  0%| F|  |TAMS 0x00000000a3500000, 0x00000000a3500000| Untracked 
|  54|0x00000000a3600000, 0x00000000a3600000, 0x00000000a3700000|  0%| F|  |TAMS 0x00000000a3600000, 0x00000000a3600000| Untracked 
|  55|0x00000000a3700000, 0x00000000a3700000, 0x00000000a3800000|  0%| F|  |TAMS 0x00000000a3700000, 0x00000000a3700000| Untracked 
|  56|0x00000000a3800000, 0x00000000a3800000, 0x00000000a3900000|  0%| F|  |TAMS 0x00000000a3800000, 0x00000000a3800000| Untracked 
|  57|0x00000000a3900000, 0x00000000a3900000, 0x00000000a3a00000|  0%| F|  |TAMS 0x00000000a3900000, 0x00000000a3900000| Untracked 
|  58|0x00000000a3a00000, 0x00000000a3a00000, 0x00000000a3b00000|  0%| F|  |TAMS 0x00000000a3a00000, 0x00000000a3a00000| Untracked 
|  59|0x00000000a3b00000, 0x00000000a3b00000, 0x00000000a3c00000|  0%| F|  |TAMS 0x00000000a3b00000, 0x00000000a3b00000| Untracked 
|  60|0x00000000a3c00000, 0x00000000a3c00000, 0x00000000a3d00000|  0%| F|  |TAMS 0x00000000a3c00000, 0x00000000a3c00000| Untracked 
|  61|0x00000000a3d00000, 0x00000000a3d00000, 0x00000000a3e00000|  0%| F|  |TAMS 0x00000000a3d00000, 0x00000000a3d00000| Untracked 
|  62|0x00000000a3e00000, 0x00000000a3e00000, 0x00000000a3f00000|  0%| F|  |TAMS 0x00000000a3e00000, 0x00000000a3e00000| Untracked 
|  63|0x00000000a3f00000, 0x00000000a3f00000, 0x00000000a4000000|  0%| F|  |TAMS 0x00000000a3f00000, 0x00000000a3f00000| Untracked 
|  64|0x00000000a4000000, 0x00000000a4000000, 0x00000000a4100000|  0%| F|  |TAMS 0x00000000a4000000, 0x00000000a4000000| Untracked 
|  65|0x00000000a4100000, 0x00000000a4100000, 0x00000000a4200000|  0%| F|  |TAMS 0x00000000a4100000, 0x00000000a4100000| Untracked 
|  66|0x00000000a4200000, 0x00000000a4200000, 0x00000000a4300000|  0%| F|  |TAMS 0x00000000a4200000, 0x00000000a4200000| Untracked 
|  67|0x00000000a4300000, 0x00000000a4300000, 0x00000000a4400000|  0%| F|  |TAMS 0x00000000a4300000, 0x00000000a4300000| Untracked 
|  68|0x00000000a4400000, 0x00000000a4400000, 0x00000000a4500000|  0%| F|  |TAMS 0x00000000a4400000, 0x00000000a4400000| Untracked 
|  69|0x00000000a4500000, 0x00000000a4500000, 0x00000000a4600000|  0%| F|  |TAMS 0x00000000a4500000, 0x00000000a4500000| Untracked 
|  70|0x00000000a4600000, 0x00000000a4600000, 0x00000000a4700000|  0%| F|  |TAMS 0x00000000a4600000, 0x00000000a4600000| Untracked 
|  71|0x00000000a4700000, 0x00000000a4700000, 0x00000000a4800000|  0%| F|  |TAMS 0x00000000a4700000, 0x00000000a4700000| Untracked 
|  72|0x00000000a4800000, 0x00000000a4800000, 0x00000000a4900000|  0%| F|  |TAMS 0x00000000a4800000, 0x00000000a4800000| Untracked 
|  73|0x00000000a4900000, 0x00000000a4900000, 0x00000000a4a00000|  0%| F|  |TAMS 0x00000000a4900000, 0x00000000a4900000| Untracked 
|  74|0x00000000a4a00000, 0x00000000a4a00000, 0x00000000a4b00000|  0%| F|  |TAMS 0x00000000a4a00000, 0x00000000a4a00000| Untracked 
|  75|0x00000000a4b00000, 0x00000000a4b00000, 0x00000000a4c00000|  0%| F|  |TAMS 0x00000000a4b00000, 0x00000000a4b00000| Untracked 
|  76|0x00000000a4c00000, 0x00000000a4c00000, 0x00000000a4d00000|  0%| F|  |TAMS 0x00000000a4c00000, 0x00000000a4c00000| Untracked 
|  77|0x00000000a4d00000, 0x00000000a4d00000, 0x00000000a4e00000|  0%| F|  |TAMS 0x00000000a4d00000, 0x00000000a4d00000| Untracked 
|  78|0x00000000a4e00000, 0x00000000a4e00000, 0x00000000a4f00000|  0%| F|  |TAMS 0x00000000a4e00000, 0x00000000a4e00000| Untracked 
|  79|0x00000000a4f00000, 0x00000000a4f00000, 0x00000000a5000000|  0%| F|  |TAMS 0x00000000a4f00000, 0x00000000a4f00000| Untracked 
|  80|0x00000000a5000000, 0x00000000a5000000, 0x00000000a5100000|  0%| F|  |TAMS 0x00000000a5000000, 0x00000000a5000000| Untracked 
|  81|0x00000000a5100000, 0x00000000a5100000, 0x00000000a5200000|  0%| F|  |TAMS 0x00000000a5100000, 0x00000000a5100000| Untracked 
|  82|0x00000000a5200000, 0x00000000a5200000, 0x00000000a5300000|  0%| F|  |TAMS 0x00000000a5200000, 0x00000000a5200000| Untracked 
|  83|0x00000000a5300000, 0x00000000a5300000, 0x00000000a5400000|  0%| F|  |TAMS 0x00000000a5300000, 0x00000000a5300000| Untracked 
|  84|0x00000000a5400000, 0x00000000a5400000, 0x00000000a5500000|  0%| F|  |TAMS 0x00000000a5400000, 0x00000000a5400000| Untracked 
|  85|0x00000000a5500000, 0x00000000a5580800, 0x00000000a5600000| 50%| E|  |TAMS 0x00000000a5500000, 0x00000000a5500000| Complete 
|  86|0x00000000a5600000, 0x00000000a5700000, 0x00000000a5700000|100%| E|CS|TAMS 0x00000000a5600000, 0x00000000a5600000| Complete 
|  87|0x00000000a5700000, 0x00000000a5800000, 0x00000000a5800000|100%| E|CS|TAMS 0x00000000a5700000, 0x00000000a5700000| Complete 
|  88|0x00000000a5800000, 0x00000000a5900000, 0x00000000a5900000|100%| E|CS|TAMS 0x00000000a5800000, 0x00000000a5800000| Complete 
|  89|0x00000000a5900000, 0x00000000a5a00000, 0x00000000a5a00000|100%| E|CS|TAMS 0x00000000a5900000, 0x00000000a5900000| Complete 
|  90|0x00000000a5a00000, 0x00000000a5b00000, 0x00000000a5b00000|100%| E|CS|TAMS 0x00000000a5a00000, 0x00000000a5a00000| Complete 
|  91|0x00000000a5b00000, 0x00000000a5c00000, 0x00000000a5c00000|100%| E|CS|TAMS 0x00000000a5b00000, 0x00000000a5b00000| Complete 
|  92|0x00000000a5c00000, 0x00000000a5d00000, 0x00000000a5d00000|100%| E|CS|TAMS 0x00000000a5c00000, 0x00000000a5c00000| Complete 
|  93|0x00000000a5d00000, 0x00000000a5e00000, 0x00000000a5e00000|100%| E|CS|TAMS 0x00000000a5d00000, 0x00000000a5d00000| Complete 
|  94|0x00000000a5e00000, 0x00000000a5f00000, 0x00000000a5f00000|100%| E|CS|TAMS 0x00000000a5e00000, 0x00000000a5e00000| Complete 
|  95|0x00000000a5f00000, 0x00000000a6000000, 0x00000000a6000000|100%| E|CS|TAMS 0x00000000a5f00000, 0x00000000a5f00000| Complete 
|  96|0x00000000a6000000, 0x00000000a6100000, 0x00000000a6100000|100%| E|CS|TAMS 0x00000000a6000000, 0x00000000a6000000| Complete 
|  97|0x00000000a6100000, 0x00000000a6200000, 0x00000000a6200000|100%| E|CS|TAMS 0x00000000a6100000, 0x00000000a6100000| Complete 
|  98|0x00000000a6200000, 0x00000000a6300000, 0x00000000a6300000|100%| E|CS|TAMS 0x00000000a6200000, 0x00000000a6200000| Complete 
|  99|0x00000000a6300000, 0x00000000a6400000, 0x00000000a6400000|100%| E|CS|TAMS 0x00000000a6300000, 0x00000000a6300000| Complete 
| 100|0x00000000a6400000, 0x00000000a6500000, 0x00000000a6500000|100%| E|CS|TAMS 0x00000000a6400000, 0x00000000a6400000| Complete 
| 101|0x00000000a6500000, 0x00000000a6600000, 0x00000000a6600000|100%| E|CS|TAMS 0x00000000a6500000, 0x00000000a6500000| Complete 
| 102|0x00000000a6600000, 0x00000000a6700000, 0x00000000a6700000|100%| E|CS|TAMS 0x00000000a6600000, 0x00000000a6600000| Complete 
| 103|0x00000000a6700000, 0x00000000a6800000, 0x00000000a6800000|100%| E|CS|TAMS 0x00000000a6700000, 0x00000000a6700000| Complete 
| 104|0x00000000a6800000, 0x00000000a6900000, 0x00000000a6900000|100%| E|CS|TAMS 0x00000000a6800000, 0x00000000a6800000| Complete 
| 105|0x00000000a6900000, 0x00000000a6a00000, 0x00000000a6a00000|100%| E|CS|TAMS 0x00000000a6900000, 0x00000000a6900000| Complete 
| 106|0x00000000a6a00000, 0x00000000a6b00000, 0x00000000a6b00000|100%| E|CS|TAMS 0x00000000a6a00000, 0x00000000a6a00000| Complete 
| 107|0x00000000a6b00000, 0x00000000a6c00000, 0x00000000a6c00000|100%| E|CS|TAMS 0x00000000a6b00000, 0x00000000a6b00000| Complete 
| 108|0x00000000a6c00000, 0x00000000a6d00000, 0x00000000a6d00000|100%| E|CS|TAMS 0x00000000a6c00000, 0x00000000a6c00000| Complete 
| 109|0x00000000a6d00000, 0x00000000a6e00000, 0x00000000a6e00000|100%| E|CS|TAMS 0x00000000a6d00000, 0x00000000a6d00000| Complete 
| 110|0x00000000a6e00000, 0x00000000a6f00000, 0x00000000a6f00000|100%| E|CS|TAMS 0x00000000a6e00000, 0x00000000a6e00000| Complete 
| 111|0x00000000a6f00000, 0x00000000a7000000, 0x00000000a7000000|100%| E|CS|TAMS 0x00000000a6f00000, 0x00000000a6f00000| Complete 
| 112|0x00000000a7000000, 0x00000000a7100000, 0x00000000a7100000|100%| E|CS|TAMS 0x00000000a7000000, 0x00000000a7000000| Complete 
| 113|0x00000000a7100000, 0x00000000a7200000, 0x00000000a7200000|100%| E|CS|TAMS 0x00000000a7100000, 0x00000000a7100000| Complete 
| 114|0x00000000a7200000, 0x00000000a7300000, 0x00000000a7300000|100%| E|CS|TAMS 0x00000000a7200000, 0x00000000a7200000| Complete 
| 115|0x00000000a7300000, 0x00000000a7400000, 0x00000000a7400000|100%| E|CS|TAMS 0x00000000a7300000, 0x00000000a7300000| Complete 
| 116|0x00000000a7400000, 0x00000000a7500000, 0x00000000a7500000|100%| E|  |TAMS 0x00000000a7400000, 0x00000000a7400000| Complete 
| 117|0x00000000a7500000, 0x00000000a7600000, 0x00000000a7600000|100%| E|CS|TAMS 0x00000000a7500000, 0x00000000a7500000| Complete 
| 118|0x00000000a7600000, 0x00000000a7700000, 0x00000000a7700000|100%| E|CS|TAMS 0x00000000a7600000, 0x00000000a7600000| Complete 
| 119|0x00000000a7700000, 0x00000000a7800000, 0x00000000a7800000|100%| E|CS|TAMS 0x00000000a7700000, 0x00000000a7700000| Complete 
| 120|0x00000000a7800000, 0x00000000a7900000, 0x00000000a7900000|100%| E|CS|TAMS 0x00000000a7800000, 0x00000000a7800000| Complete 
| 121|0x00000000a7900000, 0x00000000a797f710, 0x00000000a7a00000| 49%| S|CS|TAMS 0x00000000a7900000, 0x00000000a7900000| Complete 
| 122|0x00000000a7a00000, 0x00000000a7b00000, 0x00000000a7b00000|100%| S|CS|TAMS 0x00000000a7a00000, 0x00000000a7a00000| Complete 
| 123|0x00000000a7b00000, 0x00000000a7c00000, 0x00000000a7c00000|100%| S|CS|TAMS 0x00000000a7b00000, 0x00000000a7b00000| Complete 
| 124|0x00000000a7c00000, 0x00000000a7d00000, 0x00000000a7d00000|100%| S|CS|TAMS 0x00000000a7c00000, 0x00000000a7c00000| Complete 
| 125|0x00000000a7d00000, 0x00000000a7e00000, 0x00000000a7e00000|100%| E|CS|TAMS 0x00000000a7d00000, 0x00000000a7d00000| Complete 

Card table byte_map: [0x000001ded4d60000,0x000001ded5060000] _byte_map_base: 0x000001ded4860000

Marking Bits (Prev, Next): (CMBitMap*) 0x000001dec1c56708, (CMBitMap*) 0x000001dec1c56740
 Prev Bits: [0x000001ded5360000, 0x000001ded6b60000)
 Next Bits: [0x000001ded6b60000, 0x000001ded8360000)

Polling page: 0x000001debfb20000

Metaspace:

Usage:
  Non-class:     33.01 MB capacity,    32.48 MB ( 98%) used,   459.45 KB (  1%) free+waste,    87.88 KB ( <1%) overhead. 
      Class:      5.18 MB capacity,     4.83 MB ( 93%) used,   313.28 KB (  6%) free+waste,    42.50 KB ( <1%) overhead. 
       Both:     38.19 MB capacity,    37.31 MB ( 98%) used,   772.73 KB (  2%) free+waste,   130.38 KB ( <1%) overhead. 

Virtual space:
  Non-class space:       34.00 MB reserved,      33.25 MB ( 98%) committed 
      Class space:        1.00 GB reserved,       5.25 MB ( <1%) committed 
             Both:        1.03 GB reserved,      38.50 MB (  4%) committed 

Chunk freelists:
   Non-Class:  50.00 KB
       Class:  8.00 KB
        Both:  58.00 KB

MaxMetaspaceSize: 17179869184.00 GB
CompressedClassSpaceSize: 1.00 GB
Initial GC threshold: 20.80 MB
Current GC threshold: 58.54 MB
CDS: off

CodeHeap 'non-profiled nmethods': size=120000Kb used=1656Kb max_used=1656Kb free=118343Kb
 bounds [0x000001decd200000, 0x000001decd470000, 0x000001ded4730000]
CodeHeap 'profiled nmethods': size=120000Kb used=6765Kb max_used=6765Kb free=113234Kb
 bounds [0x000001dec5cd0000, 0x000001dec6370000, 0x000001decd200000]
CodeHeap 'non-nmethods': size=5760Kb used=1588Kb max_used=1633Kb free=4171Kb
 bounds [0x000001dec5730000, 0x000001dec59a0000, 0x000001dec5cd0000]
 total_blobs=3856 nmethods=3234 adapters=534
 compilation: enabled
              stopped_count=0, restarted_count=0
 full_count=0

Compilation events (20 events):
Event: 10.609 Thread 0x000001dedaddf800 3201       3       java.util.regex.CharPredicates::lambda$ctype$14 (21 bytes)
Event: 10.609 Thread 0x000001dedaddf800 nmethod 3201 0x000001dec6348290 code [0x000001dec6348460, 0x000001dec6348778]
Event: 10.609 Thread 0x000001dedaddf800 3210       3       java.util.concurrent.locks.AbstractQueuedSynchronizer::compareAndSetTail (10 bytes)
Event: 10.610 Thread 0x000001dedaddf800 nmethod 3210 0x000001dec6348890 code [0x000001dec6348b20, 0x000001dec63495d8]
Event: 10.610 Thread 0x000001dedaddf800 3211       3       java.util.concurrent.locks.AbstractQueuedSynchronizer$ConditionObject::checkInterruptWhileWaiting (27 bytes)
Event: 10.610 Thread 0x000001dedaddf800 nmethod 3211 0x000001dec6349990 code [0x000001dec6349c40, 0x000001dec634a6c8]
Event: 10.639 Thread 0x000001dedaddf800 3212       3       org.gradle.cache.internal.btree.BTreePersistentIndexedCache$IndexEntry::<init> (5 bytes)
Event: 10.639 Thread 0x000001dedaddf800 nmethod 3212 0x000001dec634ab10 code [0x000001dec634acc0, 0x000001dec634ae78]
Event: 10.639 Thread 0x000001dedaddf800 3213       3       org.gradle.cache.internal.btree.BTreePersistentIndexedCache$IndexEntry::<init> (5 bytes)
Event: 10.639 Thread 0x000001dedaddf800 nmethod 3213 0x000001dec634af90 code [0x000001dec634b140, 0x000001dec634b298]
Event: 10.700 Thread 0x000001dedaddf800 3214   !   3       java.util.concurrent.LinkedBlockingQueue::poll (128 bytes)
Event: 10.701 Thread 0x000001dedaddf800 nmethod 3214 0x000001dec634b390 code [0x000001dec634b740, 0x000001dec634cfa8]
Event: 10.715 Thread 0x000001dedaddf800 3215       3       org.gradle.launcher.daemon.server.exec.DaemonConnectionBackedEventConsumer$ForwardEvents::moreMessagesToSend (35 bytes)
Event: 10.715 Thread 0x000001dedaddf800 nmethod 3215 0x000001dec634dc10 code [0x000001dec634dde0, 0x000001dec634e088]
Event: 10.715 Thread 0x000001dedaddf800 3216   !   3       org.gradle.launcher.daemon.server.exec.DaemonConnectionBackedEventConsumer$ForwardEvents::getNextEvent (27 bytes)
Event: 10.715 Thread 0x000001dedaddf800 nmethod 3216 0x000001dec634e190 code [0x000001dec634e360, 0x000001dec634e5a8]
Event: 11.640 Thread 0x000001dedaddf800 3217       3       java.util.concurrent.locks.AbstractQueuedSynchronizer$Node::compareAndSetWaitStatus (10 bytes)
Event: 11.640 Thread 0x000001dedaddf800 nmethod 3217 0x000001dec634e710 code [0x000001dec634e920, 0x000001dec634ee98]
Event: 11.655 Thread 0x000001dedaddf800 3218       3       java.util.concurrent.TimeUnit::toNanos (45 bytes)
Event: 11.655 Thread 0x000001dedaddf800 nmethod 3218 0x000001dec634f110 code [0x000001dec634f2c0, 0x000001dec634f4d8]

GC Heap History (12 events):
Event: 2.829 GC heap before
{Heap before GC invocations=0 (full 0):
 garbage-first heap   total 129024K, used 29696K [0x00000000a0000000, 0x0000000100000000)
  region size 1024K, 24 young (24576K), 0 survivors (0K)
 Metaspace       used 9870K, capacity 10122K, committed 10368K, reserved 1058816K
  class space    used 1027K, capacity 1102K, committed 1152K, reserved 1048576K
}
Event: 2.835 GC heap after
{Heap after GC invocations=1 (full 0):
 garbage-first heap   total 129024K, used 8990K [0x00000000a0000000, 0x0000000100000000)
  region size 1024K, 3 young (3072K), 3 survivors (3072K)
 Metaspace       used 9870K, capacity 10122K, committed 10368K, reserved 1058816K
  class space    used 1027K, capacity 1102K, committed 1152K, reserved 1048576K
}
Event: 6.806 GC heap before
{Heap before GC invocations=1 (full 0):
 garbage-first heap   total 129024K, used 82718K [0x00000000a0000000, 0x0000000100000000)
  region size 1024K, 75 young (76800K), 3 survivors (3072K)
 Metaspace       used 17620K, capacity 17975K, committed 18176K, reserved 1064960K
  class space    used 2085K, capacity 2209K, committed 2304K, reserved 1048576K
}
Event: 6.816 GC heap after
{Heap after GC invocations=2 (full 0):
 garbage-first heap   total 129024K, used 16023K [0x00000000a0000000, 0x0000000100000000)
  region size 1024K, 10 young (10240K), 10 survivors (10240K)
 Metaspace       used 17620K, capacity 17975K, committed 18176K, reserved 1064960K
  class space    used 2085K, capacity 2209K, committed 2304K, reserved 1048576K
}
Event: 7.213 GC heap before
{Heap before GC invocations=2 (full 0):
 garbage-first heap   total 129024K, used 43671K [0x00000000a0000000, 0x0000000100000000)
  region size 1024K, 38 young (38912K), 10 survivors (10240K)
 Metaspace       used 20715K, capacity 21142K, committed 21248K, reserved 1067008K
  class space    used 2549K, capacity 2711K, committed 2816K, reserved 1048576K
}
Event: 7.222 GC heap after
{Heap after GC invocations=3 (full 0):
 garbage-first heap   total 129024K, used 16915K [0x00000000a0000000, 0x0000000100000000)
  region size 1024K, 2 young (2048K), 2 survivors (2048K)
 Metaspace       used 20715K, capacity 21142K, committed 21248K, reserved 1067008K
  class space    used 2549K, capacity 2711K, committed 2816K, reserved 1048576K
}
Event: 7.995 GC heap before
{Heap before GC invocations=4 (full 0):
 garbage-first heap   total 129024K, used 69139K [0x00000000a0000000, 0x0000000100000000)
  region size 1024K, 53 young (54272K), 2 survivors (2048K)
 Metaspace       used 26224K, capacity 26782K, committed 27008K, reserved 1073152K
  class space    used 3406K, capacity 3598K, committed 3712K, reserved 1048576K
}
Event: 7.998 GC heap after
{Heap after GC invocations=5 (full 0):
 garbage-first heap   total 129024K, used 18627K [0x00000000a0000000, 0x0000000100000000)
  region size 1024K, 3 young (3072K), 3 survivors (3072K)
 Metaspace       used 26224K, capacity 26782K, committed 27008K, reserved 1073152K
  class space    used 3406K, capacity 3598K, committed 3712K, reserved 1048576K
}
Event: 9.233 GC heap before
{Heap before GC invocations=5 (full 0):
 garbage-first heap   total 129024K, used 78019K [0x00000000a0000000, 0x0000000100000000)
  region size 1024K, 61 young (62464K), 3 survivors (3072K)
 Metaspace       used 34864K, capacity 35662K, committed 35840K, reserved 1081344K
  class space    used 4529K, capacity 4839K, committed 4864K, reserved 1048576K
}
Event: 9.240 GC heap after
{Heap after GC invocations=6 (full 0):
 garbage-first heap   total 129024K, used 21791K [0x00000000a0000000, 0x0000000100000000)
  region size 1024K, 6 young (6144K), 6 survivors (6144K)
 Metaspace       used 34864K, capacity 35662K, committed 35840K, reserved 1081344K
  class space    used 4529K, capacity 4839K, committed 4864K, reserved 1048576K
}
Event: 9.242 GC heap before
{Heap before GC invocations=6 (full 0):
 garbage-first heap   total 129024K, used 21791K [0x00000000a0000000, 0x0000000100000000)
  region size 1024K, 7 young (7168K), 6 survivors (6144K)
 Metaspace       used 34888K, capacity 35662K, committed 35840K, reserved 1081344K
  class space    used 4531K, capacity 4839K, committed 4864K, reserved 1048576K
}
Event: 9.254 GC heap after
{Heap after GC invocations=7 (full 0):
 garbage-first heap   total 129024K, used 22096K [0x00000000a0000000, 0x0000000100000000)
  region size 1024K, 4 young (4096K), 4 survivors (4096K)
 Metaspace       used 34888K, capacity 35662K, committed 35840K, reserved 1081344K
  class space    used 4531K, capacity 4839K, committed 4864K, reserved 1048576K
}

Deoptimization events (20 events):
Event: 9.918 Thread 0x000001dedb895000 Uncommon trap: trap_request=0xffffffbe fr.pc=0x000001decd38ef48 relative=0x0000000000000968
Event: 9.918 Thread 0x000001dedb895000 Uncommon trap: reason=profile_predicate action=maybe_recompile pc=0x000001decd38ef48 method=jdk.internal.jimage.ImageStringsReader.charsFromByteBuffer([CLjava/nio/ByteBuffer;)V @ 6 c2
Event: 9.918 Thread 0x000001dedb895000 DEOPT PACKING pc=0x000001decd38ef48 sp=0x000000242e2f8c70
Event: 9.918 Thread 0x000001dedb895000 DEOPT UNPACKING pc=0x000001dec577a1af sp=0x000000242e2f8b48 mode 2
Event: 9.918 Thread 0x000001dedb895000 Uncommon trap: trap_request=0xffffffbe fr.pc=0x000001decd38ef48 relative=0x0000000000000968
Event: 9.918 Thread 0x000001dedb895000 Uncommon trap: reason=profile_predicate action=maybe_recompile pc=0x000001decd38ef48 method=jdk.internal.jimage.ImageStringsReader.charsFromByteBuffer([CLjava/nio/ByteBuffer;)V @ 6 c2
Event: 9.918 Thread 0x000001dedb895000 DEOPT PACKING pc=0x000001decd38ef48 sp=0x000000242e2f8c70
Event: 9.918 Thread 0x000001dedb895000 DEOPT UNPACKING pc=0x000001dec577a1af sp=0x000000242e2f8b48 mode 2
Event: 9.929 Thread 0x000001dedb895000 Uncommon trap: trap_request=0xffffffbe fr.pc=0x000001decd390f9c relative=0x000000000000099c
Event: 9.929 Thread 0x000001dedb895000 Uncommon trap: reason=profile_predicate action=maybe_recompile pc=0x000001decd390f9c method=jdk.internal.jimage.ImageStringsReader.charsFromByteBuffer([CLjava/nio/ByteBuffer;)V @ 6 c2
Event: 9.929 Thread 0x000001dedb895000 DEOPT PACKING pc=0x000001decd390f9c sp=0x000000242e2f8d50
Event: 9.929 Thread 0x000001dedb895000 DEOPT UNPACKING pc=0x000001dec577a1af sp=0x000000242e2f8b58 mode 2
Event: 9.947 Thread 0x000001dedb895000 Uncommon trap: trap_request=0xffffffcc fr.pc=0x000001decd38e078 relative=0x00000000000002b8
Event: 9.947 Thread 0x000001dedb895000 Uncommon trap: reason=intrinsic_or_type_checked_inlining action=make_not_entrant pc=0x000001decd38e078 method=java.util.Arrays.copyOf([Ljava/lang/Object;ILjava/lang/Class;)[Ljava/lang/Object; @ 35 c2
Event: 9.947 Thread 0x000001dedb895000 DEOPT PACKING pc=0x000001decd38e078 sp=0x000000242e2fa650
Event: 9.947 Thread 0x000001dedb895000 DEOPT UNPACKING pc=0x000001dec577a1af sp=0x000000242e2fa5e0 mode 2
Event: 9.951 Thread 0x000001dedb895000 Uncommon trap: trap_request=0xffffffbe fr.pc=0x000001decd378bf0 relative=0x0000000000003c50
Event: 9.951 Thread 0x000001dedb895000 Uncommon trap: reason=profile_predicate action=maybe_recompile pc=0x000001decd378bf0 method=java.util.AbstractCollection.addAll(Ljava/util/Collection;)Z @ 15 c2
Event: 9.951 Thread 0x000001dedb895000 DEOPT PACKING pc=0x000001decd378bf0 sp=0x000000242e2fa8a0
Event: 9.951 Thread 0x000001dedb895000 DEOPT UNPACKING pc=0x000001dec577a1af sp=0x000000242e2fa8b8 mode 2

Classes redefined (0 events):
No events

Internal exceptions (20 events):
Event: 9.025 Thread 0x000001dedb895000 Exception <a 'java/lang/NoSuchMethodError'{0x00000000a4926480}: 'void java.lang.invoke.DirectMethodHandle$Holder.invokeStaticInit(java.lang.Object, java.lang.Object, java.lang.Object, java.lang.Object, java.lang.Object)'> (0x00000000a4926480) thrown at [./src/hotspot/share/interpreter/linkResolver.cpp, line 773]
Event: 9.064 Thread 0x000001dedb895000 Exception <a 'java/lang/NoSuchMethodError'{0x00000000a4984df0}: 'int java.lang.invoke.DirectMethodHandle$Holder.invokeStaticInit(java.lang.Object, java.lang.Object, java.lang.Object, java.lang.Object)'> (0x00000000a4984df0) thrown at [./src/hotspot/share/interpreter/linkResolver.cpp, line 773]
Event: 9.334 Thread 0x000001dedb895000 Exception <a 'java/lang/NoSuchMethodError'{0x00000000a78f35f8}: 'java.lang.Object java.lang.invoke.DirectMethodHandle$Holder.invokeStatic(java.lang.Object, java.lang.Object, java.lang.Object, java.lang.Object, java.lang.Object, java.lang.Object, java.lang.Object, java.lang.Object, java.lang.Object, java.lang.Object, java.lang.Object, int)'> (0x00000000a78f35f8) thrown at [./src/hotspot/share/interpreter/linkResolver.cpp, line 773]
Event: 9.336 Thread 0x000001dedb895000 Exception <a 'java/lang/NoSuchMethodError'{0x00000000a7712430}: 'java.lang.Object java.lang.invoke.DirectMethodHandle$Holder.invokeStatic(java.lang.Object, java.lang.Object, java.lang.Object, java.lang.Object, java.lang.Object, java.lang.Object, java.lang.Object, java.lang.Object, java.lang.Object, java.lang.Object, java.lang.Object, int, int)'> (0x00000000a7712430) thrown at [./src/hotspot/share/interpreter/linkResolver.cpp, line 773]
Event: 9.374 Thread 0x000001dedb895000 Exception <a 'java/lang/NoSuchMethodError'{0x00000000a7731c60}: 'java.lang.Object java.lang.invoke.DirectMethodHandle$Holder.invokeStatic(java.lang.Object, java.lang.Object, java.lang.Object, java.lang.Object, java.lang.Object, java.lang.Object, java.lang.Object, java.lang.Object, java.lang.Object, java.lang.Object, java.lang.Object, int, int, java.lang.Object)'> (0x00000000a7731c60) thrown at [./src/hotspot/share/interpreter/linkResolver.cpp, line 773]
Event: 9.376 Thread 0x000001dedb895000 Exception <a 'java/lang/NoSuchMethodError'{0x00000000a7752d58}: 'java.lang.Object java.lang.invoke.DirectMethodHandle$Holder.invokeStatic(java.lang.Object, java.lang.Object, java.lang.Object, java.lang.Object, java.lang.Object, java.lang.Object, java.lang.Object, java.lang.Object, java.lang.Object, java.lang.Object, java.lang.Object, int, int, java.lang.Object, java.lang.Object)'> (0x00000000a7752d58) thrown at [./src/hotspot/share/interpreter/linkResolver.cpp, line 773]
Event: 9.379 Thread 0x000001dedb895000 Exception <a 'java/lang/ClassNotFoundException'{0x00000000a7782aa0}: groovy/lang/ExpandoMetaClassBeanInfo> (0x00000000a7782aa0) thrown at [./src/hotspot/share/classfile/systemDictionary.cpp, line 231]
Event: 9.380 Thread 0x000001dedb895000 Exception <a 'java/lang/ClassNotFoundException'{0x00000000a77a2ad0}: groovy/lang/MetaClassImplBeanInfo> (0x00000000a77a2ad0) thrown at [./src/hotspot/share/classfile/systemDictionary.cpp, line 231]
Event: 9.381 Thread 0x000001dedb895000 Exception <a 'java/lang/ClassNotFoundException'{0x00000000a77abd88}: java/lang/ObjectBeanInfo> (0x00000000a77abd88) thrown at [./src/hotspot/share/classfile/systemDictionary.cpp, line 231]
Event: 9.381 Thread 0x000001dedb895000 Exception <a 'java/lang/ClassNotFoundException'{0x00000000a77b7480}: java/lang/ObjectCustomizer> (0x00000000a77b7480) thrown at [./src/hotspot/share/classfile/systemDictionary.cpp, line 231]
Event: 9.389 Thread 0x000001dedb895000 Exception <a 'java/lang/ClassNotFoundException'{0x00000000a77de528}: groovy/lang/MetaClassImplCustomizer> (0x00000000a77de528) thrown at [./src/hotspot/share/classfile/systemDictionary.cpp, line 231]
Event: 9.392 Thread 0x000001dedb895000 Exception <a 'java/lang/ClassNotFoundException'{0x00000000a761d9e8}: groovy/lang/ExpandoMetaClassCustomizer> (0x00000000a761d9e8) thrown at [./src/hotspot/share/classfile/systemDictionary.cpp, line 231]
Event: 9.948 Thread 0x000001dedb895000 Exception <a 'java/lang/ClassNotFoundException'{0x00000000a5d106d0}: org/gradle/internal/extensibility/DefaultExtraPropertiesExtensionBeanInfo> (0x00000000a5d106d0) thrown at [./src/hotspot/share/classfile/systemDictionary.cpp, line 231]
Event: 9.949 Thread 0x000001dedb895000 Exception <a 'java/lang/ClassNotFoundException'{0x00000000a5d31950}: groovy/lang/GroovyObjectSupportBeanInfo> (0x00000000a5d31950) thrown at [./src/hotspot/share/classfile/systemDictionary.cpp, line 231]
Event: 9.949 Thread 0x000001dedb895000 Exception <a 'java/lang/ClassNotFoundException'{0x00000000a5d52ec0}: groovy/lang/GroovyObjectSupportCustomizer> (0x00000000a5d52ec0) thrown at [./src/hotspot/share/classfile/systemDictionary.cpp, line 231]
Event: 9.951 Thread 0x000001dedb895000 Exception <a 'java/lang/ClassNotFoundException'{0x00000000a5d79698}: org/gradle/internal/extensibility/DefaultExtraPropertiesExtensionCustomizer> (0x00000000a5d79698) thrown at [./src/hotspot/share/classfile/systemDictionary.cpp, line 231]
Event: 10.123 Thread 0x000001dedb895000 Exception <a 'java/lang/NoSuchMethodError'{0x00000000a5bcf060}: 'int java.lang.invoke.DirectMethodHandle$Holder.invokeStatic(java.lang.Object, java.lang.Object, java.lang.Object, java.lang.Object, java.lang.Object)'> (0x00000000a5bcf060) thrown at [./src/hotspot/share/interpreter/linkResolver.cpp, line 773]
Event: 10.157 Thread 0x000001dedb895000 Exception <a 'java/lang/NoSuchMethodError'{0x00000000a5a67bb8}: 'void java.lang.invoke.DirectMethodHandle$Holder.invokeSpecial(java.lang.Object, java.lang.Object, java.lang.Object, java.lang.Object, java.lang.Object)'> (0x00000000a5a67bb8) thrown at [./src/hotspot/share/interpreter/linkResolver.cpp, line 773]
Event: 10.162 Thread 0x000001dedb895000 Exception <a 'java/lang/NoSuchMethodError'{0x00000000a5ac1d88}: 'java.lang.Object java.lang.invoke.DirectMethodHandle$Holder.invokeStatic(java.lang.Object, java.lang.Object, int, java.lang.Object)'> (0x00000000a5ac1d88) thrown at [./src/hotspot/share/interpreter/linkResolver.cpp, line 773]
Event: 10.163 Thread 0x000001dedb895000 Exception <a 'java/lang/NoSuchMethodError'{0x00000000a5acc1d0}: 'java.lang.Object java.lang.invoke.Invokers$Holder.linkToTargetMethod(java.lang.Object, int, java.lang.Object, java.lang.Object)'> (0x00000000a5acc1d0) thrown at [./src/hotspot/share/interpreter/linkResolver.cpp, line 773]

Events (20 events):
Event: 10.642 loading class org/gradle/internal/snapshot/SingletonChildMap$2 done
Event: 10.642 loading class org/gradle/internal/snapshot/AbstractStorePathRelationshipHandler
Event: 10.642 loading class org/gradle/internal/snapshot/AbstractStorePathRelationshipHandler done
Event: 10.655 loading class org/gradle/internal/snapshot/PathUtil$1
Event: 10.655 loading class org/gradle/internal/snapshot/PathUtil$1 done
Event: 10.656 loading class org/gradle/internal/snapshot/MediumChildMap
Event: 10.656 loading class org/gradle/internal/snapshot/MediumChildMap done
Event: 10.656 loading class org/gradle/internal/snapshot/AbstractListChildMap
Event: 10.656 loading class org/gradle/internal/snapshot/AbstractListChildMap done
Event: 10.701 Loaded shared library C:\Program Files\Android\Android Studio\jre\bin\java.dll
Event: 11.687 loading class org/gradle/internal/snapshot/FileSystemNode
Event: 11.687 loading class org/gradle/internal/snapshot/FileSystemNode done
Event: 11.687 loading class org/gradle/internal/snapshot/FileSystemNode
Event: 11.687 loading class org/gradle/internal/snapshot/FileSystemNode done
Event: 11.687 loading class org/gradle/internal/snapshot/AbstractIncompleteFileSystemNode$2
Event: 11.687 loading class org/gradle/internal/snapshot/AbstractIncompleteFileSystemNode$2 done
Event: 11.688 loading class org/gradle/internal/snapshot/MetadataSnapshot
Event: 11.688 loading class org/gradle/internal/snapshot/MetadataSnapshot done
Event: 11.688 loading class org/gradle/internal/snapshot/MetadataSnapshot
Event: 11.688 loading class org/gradle/internal/snapshot/MetadataSnapshot done


Dynamic libraries:
0x00007ff637530000 - 0x00007ff63753a000 	C:\Program Files\Android\Android Studio\jre\bin\java.exe
0x00007ff9f3850000 - 0x00007ff9f3a48000 	C:\WINDOWS\SYSTEM32\ntdll.dll
0x00007ff9f2ce0000 - 0x00007ff9f2d9d000 	C:\WINDOWS\System32\KERNEL32.DLL
0x00007ff9f0f70000 - 0x00007ff9f123e000 	C:\WINDOWS\System32\KERNELBASE.dll
0x00007ff9f15e0000 - 0x00007ff9f16e0000 	C:\WINDOWS\System32\ucrtbase.dll
0x00007ff9d28f0000 - 0x00007ff9d2907000 	C:\Program Files\Android\Android Studio\jre\bin\VCRUNTIME140.dll
0x00007ff9d1f80000 - 0x00007ff9d1f99000 	C:\Program Files\Android\Android Studio\jre\bin\jli.dll
0x00007ff9f2b40000 - 0x00007ff9f2ce0000 	C:\WINDOWS\System32\USER32.dll
0x00007ff9f1240000 - 0x00007ff9f1262000 	C:\WINDOWS\System32\win32u.dll
0x00007ff9deca0000 - 0x00007ff9def3a000 	C:\WINDOWS\WinSxS\amd64_microsoft.windows.common-controls_6595b64144ccf1df_6.0.19041.1110_none_60b5254171f9507e\COMCTL32.dll
0x00007ff9f1bf0000 - 0x00007ff9f1c1a000 	C:\WINDOWS\System32\GDI32.dll
0x00007ff9f17a0000 - 0x00007ff9f18ab000 	C:\WINDOWS\System32\gdi32full.dll
0x00007ff9f2440000 - 0x00007ff9f24de000 	C:\WINDOWS\System32\msvcrt.dll
0x00007ff9f1270000 - 0x00007ff9f130d000 	C:\WINDOWS\System32\msvcp_win.dll
0x00007ff9f3690000 - 0x00007ff9f36c0000 	C:\WINDOWS\System32\IMM32.DLL
0x00007ff9b0960000 - 0x00007ff9b09fd000 	C:\Program Files\Android\Android Studio\jre\bin\msvcp140.dll
0x00007ff98bc20000 - 0x00007ff98c705000 	C:\Program Files\Android\Android Studio\jre\bin\server\jvm.dll
0x00007ff9f2e90000 - 0x00007ff9f2f3e000 	C:\WINDOWS\System32\ADVAPI32.dll
0x00007ff9f1dd0000 - 0x00007ff9f1e6c000 	C:\WINDOWS\System32\sechost.dll
0x00007ff9f2310000 - 0x00007ff9f2435000 	C:\WINDOWS\System32\RPCRT4.dll
0x00007ff9f25a0000 - 0x00007ff9f25a8000 	C:\WINDOWS\System32\PSAPI.DLL
0x00007ff9ecae0000 - 0x00007ff9ecae9000 	C:\WINDOWS\SYSTEM32\WSOCK32.dll
0x00007ff9eae00000 - 0x00007ff9eae0a000 	C:\WINDOWS\SYSTEM32\VERSION.dll
0x00007ff9f21d0000 - 0x00007ff9f223b000 	C:\WINDOWS\System32\WS2_32.dll
0x00007ff9e0fb0000 - 0x00007ff9e0fd7000 	C:\WINDOWS\SYSTEM32\WINMM.dll
0x00007ff9ef800000 - 0x00007ff9ef812000 	C:\WINDOWS\SYSTEM32\kernel.appcore.dll
0x00007ff9ebe00000 - 0x00007ff9ebe11000 	C:\Program Files\Android\Android Studio\jre\bin\verify.dll
0x00007ff9eed80000 - 0x00007ff9eef64000 	C:\WINDOWS\SYSTEM32\DBGHELP.DLL
0x00007ff9e7820000 - 0x00007ff9e784c000 	C:\WINDOWS\SYSTEM32\dbgcore.DLL
0x00007ff9f16e0000 - 0x00007ff9f1762000 	C:\WINDOWS\System32\bcryptPrimitives.dll
0x00007ff9ebc80000 - 0x00007ff9ebca9000 	C:\Program Files\Android\Android Studio\jre\bin\java.dll
0x00007ff9eca90000 - 0x00007ff9eca9b000 	C:\Program Files\Android\Android Studio\jre\bin\jimage.dll
0x00007ff9ebc60000 - 0x00007ff9ebc78000 	C:\Program Files\Android\Android Studio\jre\bin\zip.dll
0x00007ff9f2f40000 - 0x00007ff9f3684000 	C:\WINDOWS\System32\SHELL32.dll
0x00007ff9ef050000 - 0x00007ff9ef7e4000 	C:\WINDOWS\SYSTEM32\windows.storage.dll
0x00007ff9f1e70000 - 0x00007ff9f21c4000 	C:\WINDOWS\System32\combase.dll
0x00007ff9f09d0000 - 0x00007ff9f0a00000 	C:\WINDOWS\SYSTEM32\Wldp.dll
0x00007ff9f24f0000 - 0x00007ff9f259d000 	C:\WINDOWS\System32\SHCORE.dll
0x00007ff9f19b0000 - 0x00007ff9f1a05000 	C:\WINDOWS\System32\shlwapi.dll
0x00007ff9f0eb0000 - 0x00007ff9f0ecf000 	C:\WINDOWS\SYSTEM32\profapi.dll
0x00007ff9eacb0000 - 0x00007ff9eacca000 	C:\Program Files\Android\Android Studio\jre\bin\net.dll
0x00007ff9e25f0000 - 0x00007ff9e26fa000 	C:\WINDOWS\SYSTEM32\WINHTTP.dll
0x00007ff9f0730000 - 0x00007ff9f079a000 	C:\WINDOWS\system32\mswsock.dll
0x00007ff9e2360000 - 0x00007ff9e2374000 	C:\Program Files\Android\Android Studio\jre\bin\nio.dll
0x00007ff9eacd0000 - 0x00007ff9eacf7000 	C:\Users\ASUS\.gradle\native\e1d6ef7f7dcc3fd88c89a11ec53ec762bb8ba0a96d01ffa2cd45eb1d1d8dd5c5\windows-amd64\native-platform.dll
0x00007ff99dd10000 - 0x00007ff99de54000 	C:\Users\ASUS\.gradle\native\5664cfc778a61ccfe75a443a1ab52a65af34e5dc3c78e0209fed803814484fcb\windows-amd64\native-platform-file-events.dll
0x00007ff9ebee0000 - 0x00007ff9ebeea000 	C:\Program Files\Android\Android Studio\jre\bin\management.dll
0x00007ff9ebdf0000 - 0x00007ff9ebdfd000 	C:\Program Files\Android\Android Studio\jre\bin\management_ext.dll
0x00007ff9f0920000 - 0x00007ff9f0938000 	C:\WINDOWS\SYSTEM32\CRYPTSP.dll
0x00007ff9f0040000 - 0x00007ff9f0074000 	C:\WINDOWS\system32\rsaenh.dll
0x00007ff9f1770000 - 0x00007ff9f1797000 	C:\WINDOWS\System32\bcrypt.dll
0x00007ff9f0e30000 - 0x00007ff9f0e5e000 	C:\WINDOWS\SYSTEM32\USERENV.dll
0x00007ff9f0940000 - 0x00007ff9f094c000 	C:\WINDOWS\SYSTEM32\CRYPTBASE.dll
0x00007ff9f03d0000 - 0x00007ff9f040b000 	C:\WINDOWS\SYSTEM32\IPHLPAPI.DLL
0x00007ff9f2e80000 - 0x00007ff9f2e88000 	C:\WINDOWS\System32\NSI.dll
0x00007ff9e8c90000 - 0x00007ff9e8ca7000 	C:\WINDOWS\SYSTEM32\dhcpcsvc6.DLL
0x00007ff9e9820000 - 0x00007ff9e983d000 	C:\WINDOWS\SYSTEM32\dhcpcsvc.DLL
0x00007ff9f0420000 - 0x00007ff9f04eb000 	C:\WINDOWS\SYSTEM32\DNSAPI.dll

dbghelp: loaded successfully - version: 4.0.5 - missing functions: none
symbol engine: initialized successfully - sym options: 0x614 - pdb path: .;C:\Program Files\Android\Android Studio\jre\bin;C:\WINDOWS\SYSTEM32;C:\WINDOWS\WinSxS\amd64_microsoft.windows.common-controls_6595b64144ccf1df_6.0.19041.1110_none_60b5254171f9507e;C:\Program Files\Android\Android Studio\jre\bin\server;C:\Users\ASUS\.gradle\native\e1d6ef7f7dcc3fd88c89a11ec53ec762bb8ba0a96d01ffa2cd45eb1d1d8dd5c5\windows-amd64;C:\Users\ASUS\.gradle\native\5664cfc778a61ccfe75a443a1ab52a65af34e5dc3c78e0209fed803814484fcb\windows-amd64

VM Arguments:
jvm_args: --add-opens=java.base/java.util=ALL-UNNAMED --add-opens=java.base/java.lang=ALL-UNNAMED --add-opens=java.base/java.lang.invoke=ALL-UNNAMED --add-opens=java.base/java.util=ALL-UNNAMED --add-opens=java.prefs/java.util.prefs=ALL-UNNAMED --add-opens=java.prefs/java.util.prefs=ALL-UNNAMED --add-opens=java.base/java.nio.charset=ALL-UNNAMED --add-opens=java.base/java.net=ALL-UNNAMED --add-opens=java.base/java.util.concurrent.atomic=ALL-UNNAMED -Xmx1536m -Dfile.encoding=windows-1252 -Duser.country=US -Duser.language=en -Duser.variant 
java_command: org.gradle.launcher.daemon.bootstrap.GradleDaemon 7.3.3
java_class_path (initial): C:\Users\ASUS\.gradle\wrapper\dists\gradle-7.3.3-bin\6a41zxkdtcxs8rphpq6y0069z\gradle-7.3.3\lib\gradle-launcher-7.3.3.jar
Launcher Type: SUN_STANDARD

[Global flags]
     intx CICompilerCount                          = 4                                         {product} {ergonomic}
     uint ConcGCThreads                            = 2                                         {product} {ergonomic}
     uint G1ConcRefinementThreads                  = 8                                         {product} {ergonomic}
   size_t G1HeapRegionSize                         = 1048576                                   {product} {ergonomic}
    uintx GCDrainStackTargetSize                   = 64                                        {product} {ergonomic}
   size_t InitialHeapSize                          = 132120576                                 {product} {ergonomic}
   size_t MarkStackSize                            = 4194304                                   {product} {ergonomic}
   size_t MaxHeapSize                              = 1610612736                                {product} {command line}
   size_t MaxNewSize                               = 965738496                                 {product} {ergonomic}
   size_t MinHeapDeltaBytes                        = 1048576                                   {product} {ergonomic}
    uintx NonNMethodCodeHeapSize                   = 5836300                                {pd product} {ergonomic}
    uintx NonProfiledCodeHeapSize                  = 122910970                              {pd product} {ergonomic}
    uintx ProfiledCodeHeapSize                     = 122910970                              {pd product} {ergonomic}
    uintx ReservedCodeCacheSize                    = 251658240                              {pd product} {ergonomic}
     bool SegmentedCodeCache                       = true                                      {product} {ergonomic}
     bool UseCompressedClassPointers               = true                                 {lp64_product} {ergonomic}
     bool UseCompressedOops                        = true                                 {lp64_product} {ergonomic}
     bool UseG1GC                                  = true                                      {product} {ergonomic}
     bool UseLargePagesIndividualAllocation        = false                                  {pd product} {ergonomic}

Logging:
Log output configuration:
 #0: stdout all=warning uptime,level,tags
 #1: stderr all=off uptime,level,tags

Environment Variables:
PATH=C:\Program Files (x86)\Intel\Intel(R) Management Engine Components\iCLS\;C:\Program Files\Intel\Intel(R) Management Engine Components\iCLS\;C:\Windows\system32;C:\Windows;C:\Windows\System32\Wbem;C:\Windows\System32\WindowsPowerShell\v1.0\;C:\Windows\System32\OpenSSH\;C:\Program Files (x86)\NVIDIA Corporation\PhysX\Common;C:\Program Files\NVIDIA Corporation\NVIDIA NvDLISR;C:\Program Files (x86)\Intel\Intel(R) Management Engine Components\DAL;C:\Program Files\Intel\Intel(R) Management Engine Components\DAL;C:\Program Files (x86)\Intel\Intel(R) Management Engine Components\IPT;C:\Program Files\Intel\Intel(R) Management Engine Components\IPT;C:\Program Files\Intel\WiFi\bin\;C:\Program Files\Common Files\Intel\WirelessCommon\;%SystemRoot%\system32;%SystemRoot%;%SystemRoot%\System32\Wbem;%SYSTEMROOT%\System32\WindowsPowerShell\v1.0\;%SYSTEMROOT%\System32\OpenSSH\;C:\Users\ASUS\AppData\Local\Microsoft\WindowsApps;
USERNAME=ASUS
OS=Windows_NT
PROCESSOR_IDENTIFIER=Intel64 Family 6 Model 158 Stepping 10, GenuineIntel



---------------  S Y S T E M  ---------------

OS: Windows 10 , 64 bit Build 19041 (10.0.19041.1806)
OS uptime: 4 days 2:48 hours

CPU:total 8 (initial active 8) (4 cores per cpu, 2 threads per core) family 6 model 158 stepping 10 microcode 0xca, cmov, cx8, fxsr, mmx, sse, sse2, sse3, ssse3, sse4.1, sse4.2, popcnt, avx, avx2, aes, clmul, erms, 3dnowpref, lzcnt, ht, tsc, tscinvbit, bmi1, bmi2, adx, fma

Memory: 4k page, system-wide physical 8043M (234M free)
TotalPageFile size 13044M (AvailPageFile size 2068M)
current process WorkingSet (physical memory assigned to process): 250M, peak: 267M
current process commit charge ("private bytes"): 316M, peak: 328M

vm_info: OpenJDK 64-Bit Server VM (11.0.12+7-b1504.28-7817840) for windows-amd64 JRE (11.0.12+7-b1504.28-7817840), built on Oct 13 2021 22:12:33 by "builder" with MS VC++ 14.0 (VS2015)

END.
